2024-06-20 18:45:26,500 DEBUG    root            Loaded Command Group: ['gcloud', 'components']
2024-06-20 18:45:26,503 DEBUG    root            Loaded Command Group: ['gcloud', 'components', 'update']
2024-06-20 18:45:26,505 DEBUG    root            Running [gcloud.components.update] with arguments: [--quiet: "True", COMPONENT-IDS:8: "['gcloud', 'core', 'bq', 'gsutil', 'compute', 'preview', 'alpha', 'beta']"]
2024-06-20 18:45:26,506 INFO     ___FILE_ONLY___ Beginning update. This process may take several minutes.

2024-06-20 18:45:26,516 DEBUG    urllib3.connectionpool Starting new HTTPS connection (1): dl.google.com:443
2024-06-20 18:45:26,652 DEBUG    urllib3.connectionpool https://dl.google.com:443 "GET /dl/cloudsdk/channels/rapid/components-2.json HTTP/1.1" 200 222658
2024-06-20 18:45:26,670 WARNING  root            Component [compute] no longer exists.
2024-06-20 18:45:26,671 WARNING  root            Component [preview] no longer exists.
2024-06-20 18:45:26,672 INFO     ___FILE_ONLY___ 

2024-06-20 18:45:26,672 INFO     ___FILE_ONLY___ 
Your current Google Cloud CLI version is: 481.0.0

2024-06-20 18:45:26,673 INFO     ___FILE_ONLY___ Installing components from version: 481.0.0

2024-06-20 18:45:26,673 INFO     ___FILE_ONLY___ 

2024-06-20 18:45:26,673 DEBUG    root            Chosen display Format:table[box,title="These components will be removed."](details.display_name:label=Name:align=left,version.version_string:label=Version:align=right,data.size.size(zero="",min=1048576):label=Size:align=right)
2024-06-20 18:45:26,674 DEBUG    root            Chosen display Format:table[box,title="These components will be updated."](details.display_name:label=Name:align=left,version.version_string:label=Version:align=right,data.size.size(zero="",min=1048576):label=Size:align=right)
2024-06-20 18:45:26,674 DEBUG    root            Chosen display Format:table[box,title="These components will be installed."](details.display_name:label=Name:align=left,version.version_string:label=Version:align=right,data.size.size(zero="",min=1048576):label=Size:align=right)
2024-06-20 18:45:26,710 INFO     ___FILE_ONLY___ ┌──────────────────────────────────────────────┐
2024-06-20 18:45:26,711 INFO     ___FILE_ONLY___ 

2024-06-20 18:45:26,711 INFO     ___FILE_ONLY___ │     These components will be installed.      │
2024-06-20 18:45:26,711 INFO     ___FILE_ONLY___ 

2024-06-20 18:45:26,711 INFO     ___FILE_ONLY___ ├───────────────────────┬────────────┬─────────┤
2024-06-20 18:45:26,711 INFO     ___FILE_ONLY___ 

2024-06-20 18:45:26,711 INFO     ___FILE_ONLY___ │          Name         │  Version   │   Size  │
2024-06-20 18:45:26,711 INFO     ___FILE_ONLY___ 

2024-06-20 18:45:26,711 INFO     ___FILE_ONLY___ ├───────────────────────┼────────────┼─────────┤
2024-06-20 18:45:26,711 INFO     ___FILE_ONLY___ 

2024-06-20 18:45:26,711 INFO     ___FILE_ONLY___ │ 
2024-06-20 18:45:26,711 INFO     ___FILE_ONLY___ gcloud Alpha Commands
2024-06-20 18:45:26,711 INFO     ___FILE_ONLY___  
2024-06-20 18:45:26,711 INFO     ___FILE_ONLY___ │ 
2024-06-20 18:45:26,711 INFO     ___FILE_ONLY___ 2024.06.14
2024-06-20 18:45:26,712 INFO     ___FILE_ONLY___  
2024-06-20 18:45:26,712 INFO     ___FILE_ONLY___ │ 
2024-06-20 18:45:26,712 INFO     ___FILE_ONLY___ < 1 MiB
2024-06-20 18:45:26,712 INFO     ___FILE_ONLY___  
2024-06-20 18:45:26,712 INFO     ___FILE_ONLY___ │
2024-06-20 18:45:26,712 INFO     ___FILE_ONLY___ 

2024-06-20 18:45:26,712 INFO     ___FILE_ONLY___ │ 
2024-06-20 18:45:26,712 INFO     ___FILE_ONLY___ gcloud Beta Commands 
2024-06-20 18:45:26,712 INFO     ___FILE_ONLY___  
2024-06-20 18:45:26,712 INFO     ___FILE_ONLY___ │ 
2024-06-20 18:45:26,712 INFO     ___FILE_ONLY___ 2024.06.14
2024-06-20 18:45:26,712 INFO     ___FILE_ONLY___  
2024-06-20 18:45:26,712 INFO     ___FILE_ONLY___ │ 
2024-06-20 18:45:26,712 INFO     ___FILE_ONLY___ < 1 MiB
2024-06-20 18:45:26,712 INFO     ___FILE_ONLY___  
2024-06-20 18:45:26,712 INFO     ___FILE_ONLY___ │
2024-06-20 18:45:26,713 INFO     ___FILE_ONLY___ 

2024-06-20 18:45:26,713 INFO     ___FILE_ONLY___ └───────────────────────┴────────────┴─────────┘
2024-06-20 18:45:26,713 INFO     ___FILE_ONLY___ 

2024-06-20 18:45:26,713 INFO     ___FILE_ONLY___ 

2024-06-20 18:45:26,717 DEBUG    urllib3.connectionpool Starting new HTTPS connection (1): dl.google.com:443
2024-06-20 18:45:26,864 DEBUG    urllib3.connectionpool https://dl.google.com:443 "GET /dl/cloudsdk/channels/rapid/RELEASE_NOTES HTTP/1.1" 200 1232275
2024-06-20 18:45:26,901 INFO     ___FILE_ONLY___ For the latest full release notes, please visit:
  https://cloud.google.com/sdk/release_notes


2024-06-20 18:45:26,904 INFO     ___FILE_ONLY___ ╔════════════════════════════════════════════════════════════╗

2024-06-20 18:45:26,904 INFO     ___FILE_ONLY___ ╠═ Creating update staging area                             ═╣

2024-06-20 18:45:26,904 INFO     ___FILE_ONLY___ ╚
2024-06-20 18:45:26,904 INFO     ___FILE_ONLY___ ══════
2024-06-20 18:45:27,532 INFO     ___FILE_ONLY___ ══════
2024-06-20 18:45:27,533 INFO     ___FILE_ONLY___ ══════
2024-06-20 18:45:27,821 INFO     ___FILE_ONLY___ ═
2024-06-20 18:45:27,892 INFO     ___FILE_ONLY___ ═
2024-06-20 18:45:27,942 INFO     ___FILE_ONLY___ ═
2024-06-20 18:45:28,003 INFO     ___FILE_ONLY___ ═
2024-06-20 18:45:28,065 INFO     ___FILE_ONLY___ ═
2024-06-20 18:45:28,133 INFO     ___FILE_ONLY___ ═
2024-06-20 18:45:28,184 INFO     ___FILE_ONLY___ ═
2024-06-20 18:45:28,251 INFO     ___FILE_ONLY___ ═
2024-06-20 18:45:28,392 INFO     ___FILE_ONLY___ ═
2024-06-20 18:45:28,469 INFO     ___FILE_ONLY___ ═
2024-06-20 18:45:28,547 INFO     ___FILE_ONLY___ ═
2024-06-20 18:45:28,600 INFO     ___FILE_ONLY___ ═
2024-06-20 18:45:28,786 INFO     ___FILE_ONLY___ ═
2024-06-20 18:45:28,842 INFO     ___FILE_ONLY___ ═
2024-06-20 18:45:28,902 INFO     ___FILE_ONLY___ ═
2024-06-20 18:45:28,960 INFO     ___FILE_ONLY___ ═
2024-06-20 18:45:29,047 INFO     ___FILE_ONLY___ ═
2024-06-20 18:45:29,114 INFO     ___FILE_ONLY___ ═
2024-06-20 18:45:29,170 INFO     ___FILE_ONLY___ ═
2024-06-20 18:45:29,232 INFO     ___FILE_ONLY___ ═
2024-06-20 18:45:29,297 INFO     ___FILE_ONLY___ ═
2024-06-20 18:45:29,356 INFO     ___FILE_ONLY___ ═
2024-06-20 18:45:29,420 INFO     ___FILE_ONLY___ ═
2024-06-20 18:45:29,488 INFO     ___FILE_ONLY___ ═
2024-06-20 18:45:29,547 INFO     ___FILE_ONLY___ ═
2024-06-20 18:45:29,602 INFO     ___FILE_ONLY___ ═
2024-06-20 18:45:29,660 INFO     ___FILE_ONLY___ ═
2024-06-20 18:45:29,719 INFO     ___FILE_ONLY___ ═
2024-06-20 18:45:29,790 INFO     ___FILE_ONLY___ ═
2024-06-20 18:45:29,858 INFO     ___FILE_ONLY___ ═
2024-06-20 18:45:29,925 INFO     ___FILE_ONLY___ ═
2024-06-20 18:45:30,009 INFO     ___FILE_ONLY___ ═
2024-06-20 18:45:30,102 INFO     ___FILE_ONLY___ ═
2024-06-20 18:45:30,234 INFO     ___FILE_ONLY___ ═
2024-06-20 18:45:30,298 INFO     ___FILE_ONLY___ ═
2024-06-20 18:45:30,361 INFO     ___FILE_ONLY___ ═
2024-06-20 18:45:30,425 INFO     ___FILE_ONLY___ ═
2024-06-20 18:45:30,497 INFO     ___FILE_ONLY___ ═
2024-06-20 18:45:30,557 INFO     ___FILE_ONLY___ ═
2024-06-20 18:45:30,626 INFO     ___FILE_ONLY___ ═
2024-06-20 18:45:30,690 INFO     ___FILE_ONLY___ ═
2024-06-20 18:45:30,750 INFO     ___FILE_ONLY___ ═
2024-06-20 18:45:30,750 INFO     ___FILE_ONLY___ ╝

2024-06-20 18:45:34,065 INFO     ___FILE_ONLY___ ╔════════════════════════════════════════════════════════════╗

2024-06-20 18:45:34,065 INFO     ___FILE_ONLY___ ╠═ Installing: gcloud Alpha Commands                        ═╣

2024-06-20 18:45:34,065 INFO     ___FILE_ONLY___ ╚
2024-06-20 18:45:34,069 DEBUG    urllib3.connectionpool Starting new HTTPS connection (1): dl.google.com:443
2024-06-20 18:45:34,203 DEBUG    urllib3.connectionpool https://dl.google.com:443 "GET /dl/cloudsdk/channels/rapid/components/google-cloud-sdk-alpha-20240614142823.tar.gz HTTP/1.1" 200 800
2024-06-20 18:45:34,204 INFO     ___FILE_ONLY___ ══════════════════════════════
2024-06-20 18:45:34,205 INFO     ___FILE_ONLY___ ══════════════════════════════
2024-06-20 18:45:34,205 INFO     ___FILE_ONLY___ ╝

2024-06-20 18:45:34,213 INFO     ___FILE_ONLY___ ╔════════════════════════════════════════════════════════════╗

2024-06-20 18:45:34,213 INFO     ___FILE_ONLY___ ╠═ Installing: gcloud Beta Commands                         ═╣

2024-06-20 18:45:34,214 INFO     ___FILE_ONLY___ ╚
2024-06-20 18:45:34,217 DEBUG    urllib3.connectionpool Starting new HTTPS connection (1): dl.google.com:443
2024-06-20 18:45:34,289 DEBUG    urllib3.connectionpool https://dl.google.com:443 "GET /dl/cloudsdk/channels/rapid/components/google-cloud-sdk-beta-20240614142823.tar.gz HTTP/1.1" 200 797
2024-06-20 18:45:34,290 INFO     ___FILE_ONLY___ ══════════════════════════════
2024-06-20 18:45:34,291 INFO     ___FILE_ONLY___ ══════════════════════════════
2024-06-20 18:45:34,291 INFO     ___FILE_ONLY___ ╝

2024-06-20 18:45:34,300 INFO     ___FILE_ONLY___ ╔════════════════════════════════════════════════════════════╗

2024-06-20 18:45:34,300 INFO     ___FILE_ONLY___ ╠═ Creating backup and activating new installation          ═╣

2024-06-20 18:45:34,300 INFO     ___FILE_ONLY___ ╚
2024-06-20 18:45:34,300 DEBUG    root            Attempting to move directory [/tools/google-cloud-sdk] to [/tools/google-cloud-sdk.staging/.install/.backup]
2024-06-20 18:45:34,300 INFO     ___FILE_ONLY___ ══════════════════════════════
2024-06-20 18:45:34,300 DEBUG    root            Attempting to move directory [/tools/google-cloud-sdk.staging] to [/tools/google-cloud-sdk]
2024-06-20 18:45:34,300 INFO     ___FILE_ONLY___ ══════════════════════════════
2024-06-20 18:45:34,300 INFO     ___FILE_ONLY___ ╝

2024-06-20 18:45:34,304 DEBUG    root            Updating notification cache...
2024-06-20 18:45:34,305 INFO     ___FILE_ONLY___ 

2024-06-20 18:45:34,307 INFO     ___FILE_ONLY___ Performing post processing steps...
2024-06-20 18:45:34,307 DEBUG    root            Executing command: ['/tools/google-cloud-sdk/bin/gcloud', 'components', 'post-process']
2024-06-20 18:45:45,377 DEBUG    ___FILE_ONLY___ 
2024-06-20 18:45:45,377 DEBUG    ___FILE_ONLY___ 
2024-06-20 18:45:45,573 INFO     ___FILE_ONLY___ 
Update done!


2024-06-20 18:45:45,576 DEBUG    root            Chosen display Format:none
2024-06-20 18:45:45,577 INFO     root            Display format: "none"
